<?xml version="1.0" encoding="UTF-8"?>
<testng-results skipped="0" failed="0" ignored="0" total="2" passed="2">
  <reporter-output>
  </reporter-output>
  <suite name="Suite" duration-ms="22455" started-at="2018-02-01T02:16:19Z" finished-at="2018-02-01T02:16:42Z">
    <groups>
    </groups>
    <test name="Test" duration-ms="22455" started-at="2018-02-01T02:16:19Z" finished-at="2018-02-01T02:16:42Z">
      <class name="com.crm.qa.test.LoginPageTest">
        <test-method status="PASS" signature="browserInitilaize()[pri:0, instance:com.crm.qa.test.LoginPageTest@3d99d22e]" name="browserInitilaize" is-config="true" duration-ms="6194" started-at="2018-01-31T21:16:19Z" finished-at="2018-01-31T21:16:25Z">
          <reporter-output>
          </reporter-output>
        </test-method> <!-- browserInitilaize -->
        <test-method status="PASS" signature="login()[pri:0, instance:com.crm.qa.test.LoginPageTest@3d99d22e]" name="login" duration-ms="4200" started-at="2018-01-31T21:16:25Z" finished-at="2018-01-31T21:16:30Z">
          <reporter-output>
          </reporter-output>
        </test-method> <!-- login -->
        <test-method status="PASS" signature="tearDown()[pri:0, instance:com.crm.qa.test.LoginPageTest@3d99d22e]" name="tearDown" is-config="true" duration-ms="2117" started-at="2018-01-31T21:16:30Z" finished-at="2018-01-31T21:16:32Z">
          <reporter-output>
          </reporter-output>
        </test-method> <!-- tearDown -->
        <test-method status="PASS" signature="browserInitilaize()[pri:0, instance:com.crm.qa.test.LoginPageTest@3d99d22e]" name="browserInitilaize" is-config="true" duration-ms="9675" started-at="2018-01-31T21:16:32Z" finished-at="2018-01-31T21:16:41Z">
          <reporter-output>
          </reporter-output>
        </test-method> <!-- browserInitilaize -->
        <test-method status="PASS" signature="titleValidation()[pri:0, instance:com.crm.qa.test.LoginPageTest@3d99d22e]" name="titleValidation" duration-ms="37" started-at="2018-01-31T21:16:41Z" finished-at="2018-01-31T21:16:41Z">
          <reporter-output>
          </reporter-output>
        </test-method> <!-- titleValidation -->
        <test-method status="PASS" signature="tearDown()[pri:0, instance:com.crm.qa.test.LoginPageTest@3d99d22e]" name="tearDown" is-config="true" duration-ms="199" started-at="2018-01-31T21:16:41Z" finished-at="2018-01-31T21:16:42Z">
          <reporter-output>
          </reporter-output>
        </test-method> <!-- tearDown -->
      </class> <!-- com.crm.qa.test.LoginPageTest -->
    </test> <!-- Test -->
  </suite> <!-- Suite -->
</testng-results>
